#-----------------------------------------------------------
# Vivado v2019.1 (64-bit)
# SW Build 2552052 on Fri May 24 14:49:42 MDT 2019
# IP Build 2548770 on Fri May 24 18:01:18 MDT 2019
# Start of session at: Mon Nov 25 08:54:06 2019
# Process ID: 2100
# Current directory: Z:/CS-373-1/FinalProject/FinalProject
# Command line: vivado.exe -gui_launcher_event rodinguilauncherevent10180 Z:\CS-373-1\FinalProject\FinalProject\FinalProject.xpr
# Log file: Z:/CS-373-1/FinalProject/FinalProject/vivado.log
# Journal file: Z:/CS-373-1/FinalProject/FinalProject\vivado.jou
#-----------------------------------------------------------
start_gui
open_project Z:/CS-373-1/FinalProject/FinalProject/FinalProject.xpr
INFO: [Project 1-313] Project file moved from 'Z:/CS-373-1/Vivado/FinalProject' since last save.
Scanning sources...
Finished scanning sources
INFO: [IP_Flow 19-234] Refreshing IP repositories
INFO: [IP_Flow 19-1704] No user IP repositories specified
INFO: [IP_Flow 19-2313] Loaded Vivado IP repository 'C:/Xilinx/Vivado/2019.1/data/ip'.
update_compile_order -fileset sources_1
