#-----------------------------------------------------------
# Vivado v2019.1 (64-bit)
# SW Build 2552052 on Fri May 24 14:49:42 MDT 2019
# IP Build 2548770 on Fri May 24 18:01:18 MDT 2019
# Start of session at: Tue Dec  3 20:54:40 2019
# Process ID: 8168
# Current directory: Z:/CS-373-1/Final_Project/Casino-Coders
# Command line: vivado.exe -gui_launcher_event rodinguilauncherevent11640 Z:\CS-373-1\Final_Project\Casino-Coders\FinalProject.xpr
# Log file: Z:/CS-373-1/Final_Project/Casino-Coders/vivado.log
# Journal file: Z:/CS-373-1/Final_Project/Casino-Coders\vivado.jou
#-----------------------------------------------------------
start_gui
open_project Z:/CS-373-1/Final_Project/Casino-Coders/FinalProject.xpr
Scanning sources...
Finished scanning sources
INFO: [IP_Flow 19-234] Refreshing IP repositories
INFO: [IP_Flow 19-1704] No user IP repositories specified
INFO: [IP_Flow 19-2313] Loaded Vivado IP repository 'C:/Xilinx/Vivado/2019.1/data/ip'.
update_compile_order -fileset sources_1
reset_run synth_1
launch_runs synth_1 -jobs 4
[Tue Dec  3 20:56:17 2019] Launched synth_1...
Run output will be captured here: Z:/CS-373-1/Final_Project/Casino-Coders/FinalProject.runs/synth_1/runme.log
launch_runs impl_1 -jobs 4
[Tue Dec  3 20:57:01 2019] Launched impl_1...
Run output will be captured here: Z:/CS-373-1/Final_Project/Casino-Coders/FinalProject.runs/impl_1/runme.log
reset_run synth_1
launch_runs synth_1 -jobs 4
[Tue Dec  3 21:01:36 2019] Launched synth_1...
Run output will be captured here: Z:/CS-373-1/Final_Project/Casino-Coders/FinalProject.runs/synth_1/runme.log
launch_runs impl_1 -jobs 4
[Tue Dec  3 21:02:25 2019] Launched impl_1...
Run output will be captured here: Z:/CS-373-1/Final_Project/Casino-Coders/FinalProject.runs/impl_1/runme.log
reset_run impl_1
exit
INFO: [Common 17-206] Exiting Vivado at Tue Dec  3 21:03:15 2019...
