#-----------------------------------------------------------
# Vivado v2019.1 (64-bit)
# SW Build 2552052 on Fri May 24 14:49:42 MDT 2019
# IP Build 2548770 on Fri May 24 18:01:18 MDT 2019
# Start of session at: Tue Dec  3 21:45:21 2019
# Process ID: 8012
# Current directory: Z:/CS-373-1/Final_Project/Casino-Coders
# Command line: vivado.exe -gui_launcher_event rodinguilauncherevent6688 Z:\CS-373-1\Final_Project\Casino-Coders\FinalProject.xpr
# Log file: Z:/CS-373-1/Final_Project/Casino-Coders/vivado.log
# Journal file: Z:/CS-373-1/Final_Project/Casino-Coders\vivado.jou
#-----------------------------------------------------------
start_gui
open_project Z:/CS-373-1/Final_Project/Casino-Coders/FinalProject.xpr
Scanning sources...
Finished scanning sources
INFO: [IP_Flow 19-234] Refreshing IP repositories
INFO: [IP_Flow 19-1704] No user IP repositories specified
INFO: [IP_Flow 19-2313] Loaded Vivado IP repository 'C:/Xilinx/Vivado/2019.1/data/ip'.
update_compile_order -fileset sources_1
reset_run synth_1
launch_runs synth_1 -jobs 4
[Tue Dec  3 21:45:55 2019] Launched synth_1...
Run output will be captured here: Z:/CS-373-1/Final_Project/Casino-Coders/FinalProject.runs/synth_1/runme.log
launch_runs impl_1 -jobs 4
[Tue Dec  3 21:46:41 2019] Launched impl_1...
Run output will be captured here: Z:/CS-373-1/Final_Project/Casino-Coders/FinalProject.runs/impl_1/runme.log
launch_runs impl_1 -to_step write_bitstream -jobs 4
[Tue Dec  3 21:48:00 2019] Launched impl_1...
Run output will be captured here: Z:/CS-373-1/Final_Project/Casino-Coders/FinalProject.runs/impl_1/runme.log
open_hw
connect_hw_server
INFO: [Labtools 27-2285] Connecting to hw_server url TCP:localhost:3121
INFO: [Labtools 27-2222] Launching hw_server...
INFO: [Labtools 27-2221] Launch Output:

****** Xilinx hw_server v2019.1
  **** Build date : May 24 2019 at 15:13:31
    ** Copyright 1986-2019 Xilinx, Inc. All Rights Reserved.


open_hw_target
INFO: [Labtoolstcl 44-466] Opening hw_target localhost:3121/xilinx_tcf/Digilent/210292A4BE95A
set_property PROGRAM.FILE {Z:/CS-373-1/Final_Project/Casino-Coders/FinalProject.runs/impl_1/ChangeHex.bit} [get_hw_devices xc7a100t_0]
current_hw_device [get_hw_devices xc7a100t_0]
refresh_hw_device -update_hw_probes false [lindex [get_hw_devices xc7a100t_0] 0]
INFO: [Labtools 27-1434] Device xc7a100t (JTAG device index = 0) is programmed with a design that has no supported debug core(s) in it.
set_property PROBES.FILE {} [get_hw_devices xc7a100t_0]
set_property FULL_PROBES.FILE {} [get_hw_devices xc7a100t_0]
set_property PROGRAM.FILE {Z:/CS-373-1/Final_Project/Casino-Coders/FinalProject.runs/impl_1/ChangeHex.bit} [get_hw_devices xc7a100t_0]
program_hw_devices [get_hw_devices xc7a100t_0]
INFO: [Labtools 27-3164] End of startup status: HIGH
refresh_hw_device [lindex [get_hw_devices xc7a100t_0] 0]
INFO: [Labtools 27-1434] Device xc7a100t (JTAG device index = 0) is programmed with a design that has no supported debug core(s) in it.
set_property PROBES.FILE {} [get_hw_devices xc7a100t_0]
set_property FULL_PROBES.FILE {} [get_hw_devices xc7a100t_0]
set_property PROGRAM.FILE {Z:/CS-373-1/Final_Project/Casino-Coders/FinalProject.runs/impl_1/ChangeHex.bit} [get_hw_devices xc7a100t_0]
program_hw_devices [get_hw_devices xc7a100t_0]
INFO: [Labtools 27-3164] End of startup status: HIGH
refresh_hw_device [lindex [get_hw_devices xc7a100t_0] 0]
INFO: [Labtools 27-1434] Device xc7a100t (JTAG device index = 0) is programmed with a design that has no supported debug core(s) in it.
exit
INFO: [Common 17-206] Exiting Vivado at Tue Dec  3 21:51:43 2019...
